app/build/intermediates/manifest_merge_blame_file/debug/manifest-merger-blame-debug-report.txt
1<?xml version="1.0" encoding="utf-8"?>
2<manifest xmlns:android="http://schemas.android.com/apk/res/android"
3    package="com.example.firebase"
4    android:versionCode="1"
5    android:versionName="1.0" >
6
7    <uses-sdk
8        android:minSdkVersion="19"
8-->src/main/AndroidManifest.xml
9        android:targetSdkVersion="28" />
9-->src/main/AndroidManifest.xml
10
11    <uses-permission android:name="android.permission.VIBRATE" />
11-->src/main/AndroidManifest.xml:54:5-66
11-->src/main/AndroidManifest.xml:54:22-63
12    <uses-permission android:name="android.permission.INTERNET" />
12-->src/main/AndroidManifest.xml:56:5-67
12-->src/main/AndroidManifest.xml:56:22-64
13    <uses-permission android:name="android.permission.ACCESS_NETWORK_STATE" />
13-->[com.google.firebase:firebase-storage:16.0.4] AndroidManifest.xml:23:5-79
13-->[com.google.firebase:firebase-storage:16.0.4] AndroidManifest.xml:23:22-76
14    <uses-permission android:name="android.permission.WAKE_LOCK" /> <!-- Required by older versions of Google Play services to create IID tokens -->
14-->[com.google.firebase:firebase-iid:17.0.4] AndroidManifest.xml:24:5-68
14-->[com.google.firebase:firebase-iid:17.0.4] AndroidManifest.xml:24:22-65
15    <uses-permission android:name="com.google.android.c2dm.permission.RECEIVE" />
15-->[com.google.firebase:firebase-iid:17.0.4] AndroidManifest.xml:26:5-82
15-->[com.google.firebase:firebase-iid:17.0.4] AndroidManifest.xml:26:22-79
16
17    <application
17-->src/main/AndroidManifest.xml:6:5-53:19
18        android:allowBackup="true"
18-->src/main/AndroidManifest.xml:7:9-35
19        android:appComponentFactory="android.support.v4.app.CoreComponentFactory"
19-->[com.android.support:support-compat:28.0.0] AndroidManifest.xml:22:18-91
20        android:debuggable="true"
21        android:icon="@mipmap/ic_launcher"
21-->src/main/AndroidManifest.xml:8:9-43
22        android:label="@string/app_name"
22-->src/main/AndroidManifest.xml:9:9-41
23        android:roundIcon="@mipmap/ic_launcher_round"
23-->src/main/AndroidManifest.xml:10:9-54
24        android:supportsRtl="true"
24-->src/main/AndroidManifest.xml:11:9-35
25        android:testOnly="true"
26        android:theme="@style/AppTheme.NoActionBar" >
26-->src/main/AndroidManifest.xml:12:9-52
27        <activity android:name="com.example.firebase.DisplayEventActivity" />
27-->src/main/AndroidManifest.xml:13:9-67
27-->src/main/AndroidManifest.xml:13:19-55
28        <activity android:name="com.example.firebase.DisplayTaskActivity" />
28-->src/main/AndroidManifest.xml:14:9-57
28-->src/main/AndroidManifest.xml:14:19-54
29        <activity android:name="com.example.firebase.AnnouncementActivity" />
29-->src/main/AndroidManifest.xml:15:9-57
29-->src/main/AndroidManifest.xml:15:19-55
30        <activity android:name="com.example.firebase.WelcomeActivity" >
30-->src/main/AndroidManifest.xml:16:9-23:20
30-->src/main/AndroidManifest.xml:16:19-50
31            <intent-filter>
31-->src/main/AndroidManifest.xml:17:13-22:29
32                <action android:name="android.intent.action.MAIN" />
32-->src/main/AndroidManifest.xml:18:17-69
32-->src/main/AndroidManifest.xml:18:25-66
33                <action android:name="android.intent.action.VIEW" />
33-->src/main/AndroidManifest.xml:19:17-69
33-->src/main/AndroidManifest.xml:19:25-66
34
35                <category android:name="android.intent.category.LAUNCHER" />
35-->src/main/AndroidManifest.xml:21:17-77
35-->src/main/AndroidManifest.xml:21:27-74
36            </intent-filter>
37        </activity>
38        <activity android:name="com.example.firebase.Create" />
38-->src/main/AndroidManifest.xml:24:9-44
38-->src/main/AndroidManifest.xml:24:19-41
39        <activity android:name="com.example.firebase.PreviousChatting" />
39-->src/main/AndroidManifest.xml:25:9-54
39-->src/main/AndroidManifest.xml:25:19-51
40        <activity
40-->src/main/AndroidManifest.xml:26:9-29:71
41            android:name="com.example.firebase.AnnouncementDisplayActivity"
41-->src/main/AndroidManifest.xml:27:13-56
42            android:label="@string/title_activity_announcement_display"
42-->src/main/AndroidManifest.xml:28:13-72
43            android:theme="@style/AppTheme.NoActionBar.NoActionBar" />
43-->src/main/AndroidManifest.xml:29:13-68
44        <activity android:name="com.example.firebase.CommitteesListActivity" />
44-->src/main/AndroidManifest.xml:30:9-60
44-->src/main/AndroidManifest.xml:30:19-57
45        <activity android:name="com.example.firebase.ViewNotifications" />
45-->src/main/AndroidManifest.xml:31:9-55
45-->src/main/AndroidManifest.xml:31:19-52
46        <activity android:name="com.example.firebase.CreateNotifications" />
46-->src/main/AndroidManifest.xml:32:9-57
46-->src/main/AndroidManifest.xml:32:19-54
47        <activity android:name="com.example.firebase.CommitteActivity" />
47-->src/main/AndroidManifest.xml:33:9-54
47-->src/main/AndroidManifest.xml:33:19-51
48        <activity android:name="com.example.firebase.ProfileActivity" />
48-->src/main/AndroidManifest.xml:34:9-53
48-->src/main/AndroidManifest.xml:34:19-50
49        <activity android:name="com.example.firebase.HomeActivity" />
49-->src/main/AndroidManifest.xml:35:9-50
49-->src/main/AndroidManifest.xml:35:19-47
50        <activity android:name="com.example.firebase.LoginActivity" />
50-->src/main/AndroidManifest.xml:36:9-51
50-->src/main/AndroidManifest.xml:36:19-48
51        <activity android:name="com.example.firebase.MainActivity" />
51-->src/main/AndroidManifest.xml:37:9-50
51-->src/main/AndroidManifest.xml:37:19-47
52
53        <service android:name="com.example.firebase.Notifications.MyAndroidFirebaseMessagingService" >
53-->src/main/AndroidManifest.xml:39:9-43:19
53-->src/main/AndroidManifest.xml:39:18-81
54            <intent-filter>
54-->src/main/AndroidManifest.xml:40:13-42:29
55                <action android:name="com.google.firebase.MESSAGING_EVENT" />
55-->src/main/AndroidManifest.xml:41:17-78
55-->src/main/AndroidManifest.xml:41:25-75
56            </intent-filter>
57        </service>
58        <service android:name="com.example.firebase.Notifications.MyAndroidFirebaseInstanceIDService" >
58-->src/main/AndroidManifest.xml:44:9-48:19
58-->src/main/AndroidManifest.xml:44:18-82
59            <intent-filter>
59-->src/main/AndroidManifest.xml:45:13-47:29
60                <action android:name="com.google.firebase.INSTANCE_ID_EVENT" />
60-->src/main/AndroidManifest.xml:46:17-80
60-->src/main/AndroidManifest.xml:46:25-77
61            </intent-filter>
62        </service>
63
64        <meta-data
64-->src/main/AndroidManifest.xml:50:9-52:57
65            android:name="preloaded_fonts"
65-->src/main/AndroidManifest.xml:51:13-43
66            android:resource="@array/preloaded_fonts" />
66-->src/main/AndroidManifest.xml:52:13-54
67
68        <activity
68-->[com.google.firebase:firebase-auth:16.0.4] AndroidManifest.xml:23:9-29:75
69            android:name="com.google.firebase.auth.internal.FederatedSignInActivity"
69-->[com.google.firebase:firebase-auth:16.0.4] AndroidManifest.xml:24:13-85
70            android:excludeFromRecents="true"
70-->[com.google.firebase:firebase-auth:16.0.4] AndroidManifest.xml:25:13-46
71            android:exported="true"
71-->[com.google.firebase:firebase-auth:16.0.4] AndroidManifest.xml:26:13-36
72            android:launchMode="singleInstance"
72-->[com.google.firebase:firebase-auth:16.0.4] AndroidManifest.xml:27:13-48
73            android:permission="com.google.firebase.auth.api.gms.permission.LAUNCH_FEDERATED_SIGN_IN"
73-->[com.google.firebase:firebase-auth:16.0.4] AndroidManifest.xml:28:13-102
74            android:theme="@android:style/Theme.Translucent.NoTitleBar" />
74-->[com.google.firebase:firebase-auth:16.0.4] AndroidManifest.xml:29:13-72
75
76        <service
76-->[com.google.firebase:firebase-auth:16.0.4] AndroidManifest.xml:31:9-35:19
77            android:name="com.google.firebase.components.ComponentDiscoveryService"
77-->[com.google.firebase:firebase-auth:16.0.4] AndroidManifest.xml:31:18-89
78            android:exported="false" >
78-->[com.google.firebase:firebase-iid:17.0.4] AndroidManifest.xml:31:13-37
79            <meta-data
79-->[com.google.firebase:firebase-auth:16.0.4] AndroidManifest.xml:32:13-34:85
80                android:name="com.google.firebase.components:com.google.firebase.auth.FirebaseAuthRegistrar"
80-->[com.google.firebase:firebase-auth:16.0.4] AndroidManifest.xml:33:17-109
81                android:value="com.google.firebase.components.ComponentRegistrar" />
81-->[com.google.firebase:firebase-auth:16.0.4] AndroidManifest.xml:34:17-82
82            <meta-data
82-->[com.google.firebase:firebase-iid:17.0.4] AndroidManifest.xml:32:13-34:85
83                android:name="com.google.firebase.components:com.google.firebase.iid.Registrar"
83-->[com.google.firebase:firebase-iid:17.0.4] AndroidManifest.xml:33:17-96
84                android:value="com.google.firebase.components.ComponentRegistrar" />
84-->[com.google.firebase:firebase-iid:17.0.4] AndroidManifest.xml:34:17-82
85        </service>
86        <!--
87             FirebaseMessagingService performs security checks at runtime,
88             no need for explicit permissions despite exported="true"
89        -->
90        <service
90-->[com.google.firebase:firebase-messaging:17.3.4] AndroidManifest.xml:28:9-34:19
91            android:name="com.google.firebase.messaging.FirebaseMessagingService"
91-->[com.google.firebase:firebase-messaging:17.3.4] AndroidManifest.xml:29:13-82
92            android:exported="true" >
92-->[com.google.firebase:firebase-messaging:17.3.4] AndroidManifest.xml:30:13-36
93            <intent-filter android:priority="-500" >
93-->src/main/AndroidManifest.xml:40:13-42:29
94                <action android:name="com.google.firebase.MESSAGING_EVENT" />
94-->src/main/AndroidManifest.xml:41:17-78
94-->src/main/AndroidManifest.xml:41:25-75
95            </intent-filter>
96        </service>
97
98        <provider
98-->[android.arch.lifecycle:extensions:1.1.1] AndroidManifest.xml:23:9-27:43
99            android:name="android.arch.lifecycle.ProcessLifecycleOwnerInitializer"
99-->[android.arch.lifecycle:extensions:1.1.1] AndroidManifest.xml:24:13-83
100            android:authorities="com.example.firebase.lifecycle-trojan"
100-->[android.arch.lifecycle:extensions:1.1.1] AndroidManifest.xml:25:13-68
101            android:exported="false"
101-->[android.arch.lifecycle:extensions:1.1.1] AndroidManifest.xml:26:13-37
102            android:multiprocess="true" />
102-->[android.arch.lifecycle:extensions:1.1.1] AndroidManifest.xml:27:13-40
103        <provider
103-->[com.squareup.picasso:picasso:2.71828] AndroidManifest.xml:8:9-11:40
104            android:name="com.squareup.picasso.PicassoProvider"
104-->[com.squareup.picasso:picasso:2.71828] AndroidManifest.xml:9:13-64
105            android:authorities="com.example.firebase.com.squareup.picasso"
105-->[com.squareup.picasso:picasso:2.71828] AndroidManifest.xml:10:13-72
106            android:exported="false" />
106-->[com.squareup.picasso:picasso:2.71828] AndroidManifest.xml:11:13-37
107
108        <receiver
108-->[com.google.firebase:firebase-iid:17.0.4] AndroidManifest.xml:37:9-44:20
109            android:name="com.google.firebase.iid.FirebaseInstanceIdReceiver"
109-->[com.google.firebase:firebase-iid:17.0.4] AndroidManifest.xml:38:13-78
110            android:exported="true"
110-->[com.google.firebase:firebase-iid:17.0.4] AndroidManifest.xml:39:13-36
111            android:permission="com.google.android.c2dm.permission.SEND" >
111-->[com.google.firebase:firebase-iid:17.0.4] AndroidManifest.xml:40:13-73
112            <intent-filter>
112-->[com.google.firebase:firebase-iid:17.0.4] AndroidManifest.xml:41:13-43:29
113                <action android:name="com.google.android.c2dm.intent.RECEIVE" />
113-->[com.google.firebase:firebase-iid:17.0.4] AndroidManifest.xml:42:17-81
113-->[com.google.firebase:firebase-iid:17.0.4] AndroidManifest.xml:42:25-78
114            </intent-filter>
115        </receiver>
116        <!--
117             FirebaseInstanceIdService performs security checks at runtime,
118             no need for explicit permissions despite exported="true"
119        -->
120        <service
120-->[com.google.firebase:firebase-iid:17.0.4] AndroidManifest.xml:50:9-56:19
121            android:name="com.google.firebase.iid.FirebaseInstanceIdService"
121-->[com.google.firebase:firebase-iid:17.0.4] AndroidManifest.xml:51:13-77
122            android:exported="true" >
122-->[com.google.firebase:firebase-iid:17.0.4] AndroidManifest.xml:52:13-36
123            <intent-filter android:priority="-500" >
123-->src/main/AndroidManifest.xml:45:13-47:29
124                <action android:name="com.google.firebase.INSTANCE_ID_EVENT" />
124-->src/main/AndroidManifest.xml:46:17-80
124-->src/main/AndroidManifest.xml:46:25-77
125            </intent-filter>
126        </service>
127
128        <activity
128-->[com.google.android.gms:play-services-base:16.0.1] AndroidManifest.xml:23:9-26:75
129            android:name="com.google.android.gms.common.api.GoogleApiActivity"
129-->[com.google.android.gms:play-services-base:16.0.1] AndroidManifest.xml:24:13-79
130            android:exported="false"
130-->[com.google.android.gms:play-services-base:16.0.1] AndroidManifest.xml:25:13-37
131            android:theme="@android:style/Theme.Translucent.NoTitleBar" />
131-->[com.google.android.gms:play-services-base:16.0.1] AndroidManifest.xml:26:13-72
132
133        <provider
133-->[com.google.firebase:firebase-common:16.0.3] AndroidManifest.xml:10:9-14:39
134            android:name="com.google.firebase.provider.FirebaseInitProvider"
134-->[com.google.firebase:firebase-common:16.0.3] AndroidManifest.xml:11:13-77
135            android:authorities="com.example.firebase.firebaseinitprovider"
135-->[com.google.firebase:firebase-common:16.0.3] AndroidManifest.xml:12:13-72
136            android:exported="false"
136-->[com.google.firebase:firebase-common:16.0.3] AndroidManifest.xml:13:13-37
137            android:initOrder="100" />
137-->[com.google.firebase:firebase-common:16.0.3] AndroidManifest.xml:14:13-36
138
139        <meta-data
139-->[com.google.android.gms:play-services-basement:16.0.1] AndroidManifest.xml:23:9-25:69
140            android:name="com.google.android.gms.version"
140-->[com.google.android.gms:play-services-basement:16.0.1] AndroidManifest.xml:24:13-58
141            android:value="@integer/google_play_services_version" />
141-->[com.google.android.gms:play-services-basement:16.0.1] AndroidManifest.xml:25:13-66
142        <meta-data
142-->[com.android.support:support-v4:26.1.0] AndroidManifest.xml:26:9-28:38
143            android:name="android.support.VERSION"
143-->[com.android.support:support-v4:26.1.0] AndroidManifest.xml:27:13-51
144            android:value="26.1.0" />
144-->[com.android.support:support-v4:26.1.0] AndroidManifest.xml:28:13-35
145    </application>
146
147</manifest>